mode: atomic
videostreamgo/internal/config/config.go:83.30,143.2 42 0
videostreamgo/internal/config/config.go:146.37,156.2 1 0
videostreamgo/internal/config/config.go:159.58,169.2 1 0
videostreamgo/internal/config/config.go:172.46,173.48 1 0
videostreamgo/internal/config/config.go:173.48,175.3 1 0
videostreamgo/internal/config/config.go:176.2,176.21 1 0
videostreamgo/internal/config/config.go:180.50,181.48 1 0
videostreamgo/internal/config/config.go:181.48,182.55 1 0
videostreamgo/internal/config/config.go:182.55,184.4 1 0
videostreamgo/internal/config/config.go:186.2,186.21 1 0
videostreamgo/internal/config/config.go:190.53,191.48 1 0
videostreamgo/internal/config/config.go:191.48,192.61 1 0
videostreamgo/internal/config/config.go:192.61,194.4 1 0
videostreamgo/internal/config/config.go:196.2,196.21 1 0
videostreamgo/internal/config/tenant.go:145.41,217.2 1 0
videostreamgo/internal/config/tenant.go:241.117,247.2 1 0
videostreamgo/internal/config/tenant.go:250.89,253.20 2 0
videostreamgo/internal/config/tenant.go:253.20,254.55 1 0
videostreamgo/internal/config/tenant.go:254.55,255.60 1 0
videostreamgo/internal/config/tenant.go:255.60,257.5 1 0
videostreamgo/internal/config/tenant.go:262.2,276.34 4 0
videostreamgo/internal/config/tenant.go:276.34,277.84 1 0
videostreamgo/internal/config/tenant.go:277.84,279.4 1 0
videostreamgo/internal/config/tenant.go:283.2,283.20 1 0
videostreamgo/internal/config/tenant.go:283.20,286.3 2 0
videostreamgo/internal/config/tenant.go:288.2,288.21 1 0
videostreamgo/internal/config/tenant.go:292.94,300.33 2 0
videostreamgo/internal/config/tenant.go:300.33,301.70 1 0
videostreamgo/internal/config/tenant.go:301.70,303.4 1 0
videostreamgo/internal/config/tenant.go:307.2,308.20 2 0
videostreamgo/internal/config/tenant.go:308.20,310.3 1 0
videostreamgo/internal/config/tenant.go:312.2,312.12 1 0
videostreamgo/internal/config/tenant.go:316.56,319.2 1 0
videostreamgo/internal/config/tenant.go:322.60,327.2 3 0
videostreamgo/internal/dto/instance/category.go:38.106,49.2 1 0
videostreamgo/internal/dto/instance/comment.go:37.96,50.2 1 0
videostreamgo/internal/dto/instance/user.go:46.55,58.2 1 0
videostreamgo/internal/dto/instance/video.go:62.90,86.24 2 0
videostreamgo/internal/dto/instance/video.go:86.24,88.3 1 0
videostreamgo/internal/dto/instance/video.go:89.2,89.30 1 0
videostreamgo/internal/dto/instance/video.go:89.30,92.3 2 0
videostreamgo/internal/dto/instance/video.go:93.2,93.13 1 0
videostreamgo/internal/dto/platform/admin.go:34.69,43.30 2 0
videostreamgo/internal/dto/platform/admin.go:43.30,46.3 2 0
videostreamgo/internal/dto/platform/admin.go:47.2,47.13 1 0
videostreamgo/internal/dto/platform/billing.go:34.103,46.31 2 0
videostreamgo/internal/dto/platform/billing.go:46.31,49.3 2 0
videostreamgo/internal/dto/platform/billing.go:50.2,50.29 1 0
videostreamgo/internal/dto/platform/billing.go:50.29,53.3 2 0
videostreamgo/internal/dto/platform/billing.go:54.2,54.13 1 0
videostreamgo/internal/dto/platform/customer.go:42.88,54.2 1 0
videostreamgo/internal/dto/platform/instance.go:45.100,61.33 2 0
videostreamgo/internal/dto/platform/instance.go:61.33,64.3 2 0
videostreamgo/internal/dto/platform/instance.go:65.2,65.13 1 0
videostreamgo/internal/dto/platform/subscription.go:44.147,55.17 2 0
videostreamgo/internal/dto/platform/subscription.go:55.17,62.3 6 0
videostreamgo/internal/dto/platform/subscription.go:63.2,63.44 1 0
videostreamgo/internal/dto/platform/subscription.go:63.44,66.3 2 0
videostreamgo/internal/dto/platform/subscription.go:67.2,67.42 1 0
videostreamgo/internal/dto/platform/subscription.go:67.42,70.3 2 0
videostreamgo/internal/dto/platform/subscription.go:71.2,71.13 1 0
videostreamgo/internal/dto/platform/subscription.go:111.65,125.2 1 0
videostreamgo/internal/models/instance/category.go:32.36,34.2 1 0
videostreamgo/internal/models/instance/category.go:37.52,38.22 1 0
videostreamgo/internal/models/instance/category.go:38.22,40.3 1 0
videostreamgo/internal/models/instance/category.go:41.2,41.12 1 0
videostreamgo/internal/models/instance/category.go:58.31,60.2 1 0
videostreamgo/internal/models/instance/category.go:63.47,64.22 1 0
videostreamgo/internal/models/instance/category.go:64.22,66.3 1 0
videostreamgo/internal/models/instance/category.go:67.2,67.12 1 0
videostreamgo/internal/models/instance/category.go:78.36,80.2 1 0
videostreamgo/internal/models/instance/comment.go:35.35,37.2 1 0
videostreamgo/internal/models/instance/comment.go:40.51,41.22 1 0
videostreamgo/internal/models/instance/comment.go:41.22,43.3 1 0
videostreamgo/internal/models/instance/comment.go:44.2,44.12 1 0
videostreamgo/internal/models/instance/comment.go:63.34,65.2 1 0
videostreamgo/internal/models/instance/comment.go:68.50,69.22 1 0
videostreamgo/internal/models/instance/comment.go:69.22,71.3 1 0
videostreamgo/internal/models/instance/comment.go:72.2,72.12 1 0
videostreamgo/internal/models/instance/comment.go:89.36,91.2 1 0
videostreamgo/internal/models/instance/comment.go:94.52,95.22 1 0
videostreamgo/internal/models/instance/comment.go:95.22,97.3 1 0
videostreamgo/internal/models/instance/comment.go:98.2,98.12 1 0
videostreamgo/internal/models/instance/page.go:46.32,48.2 1 0
videostreamgo/internal/models/instance/page.go:51.48,52.22 1 0
videostreamgo/internal/models/instance/page.go:52.22,54.3 1 0
videostreamgo/internal/models/instance/page.go:55.2,55.12 1 0
videostreamgo/internal/models/instance/page.go:70.35,72.2 1 0
videostreamgo/internal/models/instance/page.go:75.51,76.22 1 0
videostreamgo/internal/models/instance/page.go:76.22,78.3 1 0
videostreamgo/internal/models/instance/page.go:79.2,79.12 1 0
videostreamgo/internal/models/instance/playlist.go:28.36,30.2 1 0
videostreamgo/internal/models/instance/playlist.go:33.52,34.22 1 0
videostreamgo/internal/models/instance/playlist.go:34.22,36.3 1 0
videostreamgo/internal/models/instance/playlist.go:37.2,37.12 1 0
videostreamgo/internal/models/instance/playlist.go:53.41,55.2 1 0
videostreamgo/internal/models/instance/playlist.go:79.42,81.2 1 0
videostreamgo/internal/models/instance/playlist.go:84.59,85.23 1 0
videostreamgo/internal/models/instance/playlist.go:85.23,87.3 1 0
videostreamgo/internal/models/instance/playlist.go:88.2,88.12 1 0
videostreamgo/internal/models/instance/subscription.go:40.44,42.2 1 0
videostreamgo/internal/models/instance/subscription.go:45.61,46.23 1 0
videostreamgo/internal/models/instance/subscription.go:46.23,48.3 1 0
videostreamgo/internal/models/instance/subscription.go:49.2,49.12 1 0
videostreamgo/internal/models/instance/subscription.go:53.45,54.47 1 0
videostreamgo/internal/models/instance/subscription.go:54.47,56.3 1 0
videostreamgo/internal/models/instance/subscription.go:57.2,57.32 1 0
videostreamgo/internal/models/instance/subscription.go:57.32,59.3 1 0
videostreamgo/internal/models/instance/subscription.go:60.2,60.48 1 0
videostreamgo/internal/models/instance/user.go:51.32,53.2 1 0
videostreamgo/internal/models/instance/user.go:56.48,57.22 1 0
videostreamgo/internal/models/instance/user.go:57.22,59.3 1 0
videostreamgo/internal/models/instance/user.go:60.2,60.12 1 0
videostreamgo/internal/models/instance/user.go:75.39,77.2 1 0
videostreamgo/internal/models/instance/user.go:80.56,81.23 1 0
videostreamgo/internal/models/instance/user.go:81.23,83.3 1 0
videostreamgo/internal/models/instance/user.go:84.2,84.12 1 0
videostreamgo/internal/models/instance/user.go:88.39,90.2 1 0
videostreamgo/internal/models/instance/video.go:98.33,100.2 1 0
videostreamgo/internal/models/instance/video.go:103.49,104.22 1 0
videostreamgo/internal/models/instance/video.go:104.22,106.3 1 0
videostreamgo/internal/models/instance/video.go:107.2,107.12 1 0
videostreamgo/internal/models/instance/video.go:125.47,127.2 1 0
videostreamgo/internal/models/instance/video.go:142.42,144.2 1 0
videostreamgo/internal/models/instance/video.go:165.41,167.2 1 0
videostreamgo/internal/models/instance/video.go:184.37,186.2 1 0
videostreamgo/internal/models/instance/video.go:189.54,190.23 1 0
videostreamgo/internal/models/instance/video.go:190.23,192.3 1 0
videostreamgo/internal/models/instance/video.go:193.2,193.12 1 0
videostreamgo/internal/models/master/admin_user.go:44.37,46.2 1 0
videostreamgo/internal/models/master/admin_user.go:49.54,50.23 1 0
videostreamgo/internal/models/master/admin_user.go:50.23,52.3 1 0
videostreamgo/internal/models/master/admin_user.go:53.2,53.12 1 0
videostreamgo/internal/models/master/admin_user.go:57.42,59.2 1 0
videostreamgo/internal/models/master/admin_user.go:62.60,63.23 1 0
videostreamgo/internal/models/master/admin_user.go:63.23,65.3 1 0
videostreamgo/internal/models/master/admin_user.go:66.2,67.9 2 0
videostreamgo/internal/models/master/admin_user.go:67.9,69.3 1 0
videostreamgo/internal/models/master/admin_user.go:70.2,70.32 1 0
videostreamgo/internal/models/master/admin_user.go:70.32,71.22 1 0
videostreamgo/internal/models/master/admin_user.go:71.22,73.4 1 0
videostreamgo/internal/models/master/admin_user.go:75.2,75.14 1 0
videostreamgo/internal/models/master/admin_user.go:88.44,90.2 1 0
videostreamgo/internal/models/master/billing_record.go:45.41,47.2 1 0
videostreamgo/internal/models/master/billing_record.go:50.58,51.23 1 0
videostreamgo/internal/models/master/billing_record.go:51.23,53.3 1 0
videostreamgo/internal/models/master/billing_record.go:54.2,54.12 1 0
videostreamgo/internal/models/master/customer.go:43.36,45.2 1 0
videostreamgo/internal/models/master/customer.go:48.52,49.22 1 0
videostreamgo/internal/models/master/customer.go:49.22,51.3 1 0
videostreamgo/internal/models/master/customer.go:52.2,52.12 1 0
videostreamgo/internal/models/master/instance.go:45.36,47.2 1 0
videostreamgo/internal/models/master/instance.go:50.52,51.22 1 0
videostreamgo/internal/models/master/instance.go:51.22,53.3 1 0
videostreamgo/internal/models/master/instance.go:54.2,54.12 1 0
videostreamgo/internal/models/master/instance_config.go:24.42,26.2 1 0
videostreamgo/internal/models/master/instance_config.go:29.59,30.23 1 0
videostreamgo/internal/models/master/instance_config.go:30.23,32.3 1 0
videostreamgo/internal/models/master/instance_config.go:33.2,33.12 1 0
videostreamgo/internal/models/master/license.go:48.35,50.2 1 0
videostreamgo/internal/models/master/license.go:53.51,54.22 1 0
videostreamgo/internal/models/master/license.go:54.22,56.3 1 0
videostreamgo/internal/models/master/license.go:57.2,57.24 1 0
videostreamgo/internal/models/master/license.go:57.24,59.3 1 0
videostreamgo/internal/models/master/license.go:60.2,60.12 1 0
videostreamgo/internal/models/master/license.go:64.34,65.37 1 0
videostreamgo/internal/models/master/license.go:65.37,67.3 1 0
videostreamgo/internal/models/master/license.go:68.2,68.39 1 0
videostreamgo/internal/models/master/license.go:72.34,75.2 1 0
videostreamgo/internal/models/master/master.go:14.40,15.21 1 0
videostreamgo/internal/models/master/master.go:15.21,17.3 1 0
videostreamgo/internal/models/master/master.go:18.2,18.12 1 0
videostreamgo/internal/models/master/subscription.go:49.44,51.2 1 0
videostreamgo/internal/models/master/subscription.go:54.61,55.23 1 0
videostreamgo/internal/models/master/subscription.go:55.23,57.3 1 0
videostreamgo/internal/models/master/subscription.go:58.2,58.12 1 0
videostreamgo/internal/models/master/subscription.go:82.40,84.2 1 0
videostreamgo/internal/models/master/subscription.go:87.56,88.22 1 0
videostreamgo/internal/models/master/subscription.go:88.22,90.3 1 0
videostreamgo/internal/models/master/subscription.go:91.2,91.12 1 0
videostreamgo/internal/models/master/usage_metrics.go:36.40,38.2 1 0
videostreamgo/internal/models/master/usage_metrics.go:41.57,42.23 1 0
videostreamgo/internal/models/master/usage_metrics.go:42.23,44.3 1 0
videostreamgo/internal/models/master/usage_metrics.go:45.2,45.12 1 0
videostreamgo/internal/types/common.go:16.44,17.16 1 0
videostreamgo/internal/types/common.go:17.16,19.3 1 0
videostreamgo/internal/types/common.go:20.2,20.19 1 0
videostreamgo/internal/types/common.go:20.19,22.3 1 0
videostreamgo/internal/types/common.go:23.2,23.33 1 0
videostreamgo/internal/types/common.go:27.43,28.19 1 0
videostreamgo/internal/types/common.go:28.19,30.3 1 0
videostreamgo/internal/types/common.go:31.2,31.21 1 0
videostreamgo/internal/types/common.go:31.21,33.3 1 0
videostreamgo/internal/types/common.go:34.2,34.18 1 0
videostreamgo/internal/types/common.go:47.97,49.28 2 0
videostreamgo/internal/types/common.go:49.28,51.3 1 0
videostreamgo/internal/types/common.go:52.2,58.3 1 0
videostreamgo/internal/types/common.go:77.68,83.2 1 0
videostreamgo/internal/types/common.go:86.63,95.2 1 0
videostreamgo/internal/database/migrations/instance.go:30.56,51.43 2 0
videostreamgo/internal/database/migrations/instance.go:51.43,53.3 1 0
videostreamgo/internal/database/migrations/instance.go:56.2,63.30 2 0
videostreamgo/internal/database/migrations/instance.go:63.30,64.44 1 0
videostreamgo/internal/database/migrations/instance.go:64.44,66.4 1 0
videostreamgo/internal/database/migrations/instance.go:69.2,69.12 1 0
videostreamgo/internal/database/migrations/instance.go:73.57,112.43 2 0
videostreamgo/internal/database/migrations/instance.go:112.43,114.3 1 0
videostreamgo/internal/database/migrations/instance.go:117.2,129.30 2 0
videostreamgo/internal/database/migrations/instance.go:129.30,130.44 1 0
videostreamgo/internal/database/migrations/instance.go:130.44,132.4 1 0
videostreamgo/internal/database/migrations/instance.go:135.2,135.12 1 0
videostreamgo/internal/database/migrations/instance.go:139.61,156.43 2 0
videostreamgo/internal/database/migrations/instance.go:156.43,158.3 1 0
videostreamgo/internal/database/migrations/instance.go:161.2,167.30 2 0
videostreamgo/internal/database/migrations/instance.go:167.30,168.44 1 0
videostreamgo/internal/database/migrations/instance.go:168.44,170.4 1 0
videostreamgo/internal/database/migrations/instance.go:173.2,173.12 1 0
videostreamgo/internal/database/migrations/instance.go:177.55,188.43 2 0
videostreamgo/internal/database/migrations/instance.go:188.43,190.3 1 0
videostreamgo/internal/database/migrations/instance.go:193.2,198.30 2 0
videostreamgo/internal/database/migrations/instance.go:198.30,199.44 1 0
videostreamgo/internal/database/migrations/instance.go:199.44,201.4 1 0
videostreamgo/internal/database/migrations/instance.go:204.2,204.12 1 0
videostreamgo/internal/database/migrations/instance.go:208.60,217.43 2 0
videostreamgo/internal/database/migrations/instance.go:217.43,219.3 1 0
videostreamgo/internal/database/migrations/instance.go:222.2,225.30 2 0
videostreamgo/internal/database/migrations/instance.go:225.30,226.44 1 0
videostreamgo/internal/database/migrations/instance.go:226.44,228.4 1 0
videostreamgo/internal/database/migrations/instance.go:231.2,231.12 1 0
videostreamgo/internal/database/migrations/instance.go:235.59,252.43 2 0
videostreamgo/internal/database/migrations/instance.go:252.43,254.3 1 0
videostreamgo/internal/database/migrations/instance.go:257.2,263.30 2 0
videostreamgo/internal/database/migrations/instance.go:263.30,264.44 1 0
videostreamgo/internal/database/migrations/instance.go:264.44,266.4 1 0
videostreamgo/internal/database/migrations/instance.go:269.2,269.12 1 0
videostreamgo/internal/database/migrations/instance.go:273.58,286.43 2 0
videostreamgo/internal/database/migrations/instance.go:286.43,288.3 1 0
videostreamgo/internal/database/migrations/instance.go:291.2,296.30 2 0
videostreamgo/internal/database/migrations/instance.go:296.30,297.44 1 0
videostreamgo/internal/database/migrations/instance.go:297.44,299.4 1 0
videostreamgo/internal/database/migrations/instance.go:302.2,302.12 1 0
videostreamgo/internal/database/migrations/instance.go:306.60,317.43 2 0
videostreamgo/internal/database/migrations/instance.go:317.43,319.3 1 0
videostreamgo/internal/database/migrations/instance.go:322.2,327.30 2 0
videostreamgo/internal/database/migrations/instance.go:327.30,328.44 1 0
videostreamgo/internal/database/migrations/instance.go:328.44,330.4 1 0
videostreamgo/internal/database/migrations/instance.go:333.2,333.12 1 0
videostreamgo/internal/database/migrations/instance.go:337.60,351.43 2 0
videostreamgo/internal/database/migrations/instance.go:351.43,353.3 1 0
videostreamgo/internal/database/migrations/instance.go:356.2,361.30 2 0
videostreamgo/internal/database/migrations/instance.go:361.30,362.44 1 0
videostreamgo/internal/database/migrations/instance.go:362.44,364.4 1 0
videostreamgo/internal/database/migrations/instance.go:367.2,367.12 1 0
videostreamgo/internal/database/migrations/instance.go:371.65,381.43 2 0
videostreamgo/internal/database/migrations/instance.go:381.43,383.3 1 0
videostreamgo/internal/database/migrations/instance.go:386.2,390.30 2 0
videostreamgo/internal/database/migrations/instance.go:390.30,391.44 1 0
videostreamgo/internal/database/migrations/instance.go:391.44,393.4 1 0
videostreamgo/internal/database/migrations/instance.go:396.2,396.12 1 0
videostreamgo/internal/database/migrations/instance.go:400.61,415.43 2 0
videostreamgo/internal/database/migrations/instance.go:415.43,417.3 1 0
videostreamgo/internal/database/migrations/instance.go:420.2,426.30 2 0
videostreamgo/internal/database/migrations/instance.go:426.30,427.44 1 0
videostreamgo/internal/database/migrations/instance.go:427.44,429.4 1 0
videostreamgo/internal/database/migrations/instance.go:432.2,432.12 1 0
videostreamgo/internal/database/migrations/instance.go:436.63,448.43 2 0
videostreamgo/internal/database/migrations/instance.go:448.43,450.3 1 0
videostreamgo/internal/database/migrations/instance.go:453.2,458.30 2 0
videostreamgo/internal/database/migrations/instance.go:458.30,459.44 1 0
videostreamgo/internal/database/migrations/instance.go:459.44,461.4 1 0
videostreamgo/internal/database/migrations/instance.go:464.2,464.12 1 0
videostreamgo/internal/database/migrations/instance.go:468.65,490.43 2 0
videostreamgo/internal/database/migrations/instance.go:490.43,492.3 1 0
videostreamgo/internal/database/migrations/instance.go:495.2,495.130 1 0
videostreamgo/internal/database/migrations/instance.go:495.130,497.3 1 0
videostreamgo/internal/database/migrations/instance.go:499.2,499.12 1 0
videostreamgo/internal/database/migrations/instance.go:503.56,526.43 2 0
videostreamgo/internal/database/migrations/instance.go:526.43,528.3 1 0
videostreamgo/internal/database/migrations/instance.go:531.2,537.30 2 0
videostreamgo/internal/database/migrations/instance.go:537.30,538.44 1 0
videostreamgo/internal/database/migrations/instance.go:538.44,540.4 1 0
videostreamgo/internal/database/migrations/instance.go:543.2,543.12 1 0
videostreamgo/internal/database/migrations/instance.go:547.59,560.43 2 0
videostreamgo/internal/database/migrations/instance.go:560.43,562.3 1 0
videostreamgo/internal/database/migrations/instance.go:565.2,565.116 1 0
videostreamgo/internal/database/migrations/instance.go:565.116,567.3 1 0
videostreamgo/internal/database/migrations/instance.go:569.2,569.12 1 0
videostreamgo/internal/database/migrations/instance.go:581.44,583.2 1 0
videostreamgo/internal/database/migrations/master.go:22.52,41.43 2 0
videostreamgo/internal/database/migrations/master.go:41.43,43.3 1 0
videostreamgo/internal/database/migrations/master.go:46.2,50.30 2 0
videostreamgo/internal/database/migrations/master.go:50.30,51.44 1 0
videostreamgo/internal/database/migrations/master.go:51.44,53.4 1 0
videostreamgo/internal/database/migrations/master.go:56.2,56.12 1 0
videostreamgo/internal/database/migrations/master.go:60.60,80.43 2 0
videostreamgo/internal/database/migrations/master.go:80.43,82.3 1 0
videostreamgo/internal/database/migrations/master.go:85.2,89.30 2 0
videostreamgo/internal/database/migrations/master.go:89.30,90.44 1 0
videostreamgo/internal/database/migrations/master.go:90.44,92.4 1 0
videostreamgo/internal/database/migrations/master.go:95.2,95.12 1 0
videostreamgo/internal/database/migrations/master.go:99.52,117.43 2 0
videostreamgo/internal/database/migrations/master.go:117.43,119.3 1 0
videostreamgo/internal/database/migrations/master.go:122.2,128.30 2 0
videostreamgo/internal/database/migrations/master.go:128.30,129.44 1 0
videostreamgo/internal/database/migrations/master.go:129.44,131.4 1 0
videostreamgo/internal/database/migrations/master.go:134.2,134.12 1 0
videostreamgo/internal/database/migrations/master.go:138.56,155.43 2 0
videostreamgo/internal/database/migrations/master.go:155.43,157.3 1 0
videostreamgo/internal/database/migrations/master.go:160.2,166.30 2 0
videostreamgo/internal/database/migrations/master.go:166.30,167.44 1 0
videostreamgo/internal/database/migrations/master.go:167.44,169.4 1 0
videostreamgo/internal/database/migrations/master.go:172.2,172.12 1 0
videostreamgo/internal/database/migrations/master.go:176.55,189.43 2 0
videostreamgo/internal/database/migrations/master.go:189.43,191.3 1 0
videostreamgo/internal/database/migrations/master.go:194.2,198.30 2 0
videostreamgo/internal/database/migrations/master.go:198.30,199.44 1 0
videostreamgo/internal/database/migrations/master.go:199.44,201.4 1 0
videostreamgo/internal/database/migrations/master.go:204.2,204.12 1 0
videostreamgo/internal/database/migrations/master.go:208.57,220.43 2 0
videostreamgo/internal/database/migrations/master.go:220.43,222.3 1 0
videostreamgo/internal/database/migrations/master.go:225.2,225.130 1 0
videostreamgo/internal/database/migrations/master.go:225.130,227.3 1 0
videostreamgo/internal/database/migrations/master.go:229.2,229.12 1 0
videostreamgo/internal/database/migrations/master.go:233.57,254.43 2 0
videostreamgo/internal/database/migrations/master.go:254.43,256.3 1 0
videostreamgo/internal/database/migrations/master.go:259.2,266.30 2 0
videostreamgo/internal/database/migrations/master.go:266.30,267.44 1 0
videostreamgo/internal/database/migrations/master.go:267.44,269.4 1 0
videostreamgo/internal/database/migrations/master.go:272.2,272.12 1 0
videostreamgo/internal/database/migrations/master.go:276.51,292.43 2 0
videostreamgo/internal/database/migrations/master.go:292.43,294.3 1 0
videostreamgo/internal/database/migrations/master.go:297.2,302.30 2 0
videostreamgo/internal/database/migrations/master.go:302.30,303.44 1 0
videostreamgo/internal/database/migrations/master.go:303.44,305.4 1 0
videostreamgo/internal/database/migrations/master.go:308.2,308.12 1 0
videostreamgo/internal/database/migrations/master.go:312.53,327.43 2 0
videostreamgo/internal/database/migrations/master.go:327.43,329.3 1 0
videostreamgo/internal/database/migrations/master.go:332.2,336.30 2 0
videostreamgo/internal/database/migrations/master.go:336.30,337.44 1 0
videostreamgo/internal/database/migrations/master.go:337.44,339.4 1 0
videostreamgo/internal/database/migrations/master.go:342.2,342.12 1 0
videostreamgo/internal/database/migrations/master.go:346.59,356.43 2 0
videostreamgo/internal/database/migrations/master.go:356.43,358.3 1 0
videostreamgo/internal/database/migrations/master.go:360.2,360.12 1 0
videostreamgo/internal/database/migrations/runner.go:20.126,27.2 1 0
videostreamgo/internal/database/migrations/runner.go:30.49,32.50 1 0
videostreamgo/internal/database/migrations/runner.go:32.50,34.3 1 0
videostreamgo/internal/database/migrations/runner.go:37.2,38.16 2 0
videostreamgo/internal/database/migrations/runner.go:38.16,40.3 1 0
videostreamgo/internal/database/migrations/runner.go:42.2,45.54 2 0
videostreamgo/internal/database/migrations/runner.go:45.54,50.47 4 0
videostreamgo/internal/database/migrations/runner.go:50.47,52.4 1 0
videostreamgo/internal/database/migrations/runner.go:55.3,55.106 1 0
videostreamgo/internal/database/migrations/runner.go:55.106,57.4 1 0
videostreamgo/internal/database/migrations/runner.go:59.3,59.120 1 0
videostreamgo/internal/database/migrations/runner.go:62.2,62.41 1 0
videostreamgo/internal/database/migrations/runner.go:62.41,64.3 1 0
videostreamgo/internal/database/migrations/runner.go:66.2,66.12 1 0
videostreamgo/internal/database/migrations/runner.go:70.57,82.2 2 0
videostreamgo/internal/database/migrations/runner.go:85.60,88.25 3 0
videostreamgo/internal/database/migrations/runner.go:88.25,90.3 1 0
videostreamgo/internal/database/migrations/runner.go:91.2,91.24 1 0
videostreamgo/internal/database/migrations/runner.go:95.75,103.2 2 0
videostreamgo/internal/database/migrations/runner.go:106.63,108.16 2 0
videostreamgo/internal/database/migrations/runner.go:108.16,110.3 1 0
videostreamgo/internal/database/migrations/runner.go:112.2,112.25 1 0
videostreamgo/internal/database/migrations/runner.go:112.25,115.3 2 0
videostreamgo/internal/database/migrations/runner.go:118.2,119.23 2 0
videostreamgo/internal/database/migrations/runner.go:119.23,121.3 1 0
videostreamgo/internal/database/migrations/runner.go:123.2,126.55 2 0
videostreamgo/internal/database/migrations/runner.go:126.55,133.59 3 0
videostreamgo/internal/database/migrations/runner.go:133.59,135.4 1 0
videostreamgo/internal/database/migrations/runner.go:137.3,137.78 1 0
videostreamgo/internal/database/migrations/runner.go:140.2,140.12 1 0
videostreamgo/internal/database/migrations/runner.go:144.61,150.2 2 0
videostreamgo/internal/database/migrations/runner.go:153.82,157.16 3 0
videostreamgo/internal/database/migrations/runner.go:157.16,159.3 1 0
videostreamgo/internal/database/migrations/runner.go:160.2,162.18 2 0
videostreamgo/internal/database/migrations/runner.go:162.18,170.24 7 0
videostreamgo/internal/database/migrations/runner.go:170.24,172.4 1 0
videostreamgo/internal/database/migrations/runner.go:174.3,180.5 1 0
videostreamgo/internal/database/migrations/runner.go:183.2,183.24 1 0
videostreamgo/internal/database/migrations/runner.go:187.65,189.16 2 0
videostreamgo/internal/database/migrations/runner.go:189.16,191.3 1 0
videostreamgo/internal/database/migrations/runner.go:193.2,194.54 2 0
videostreamgo/internal/database/migrations/runner.go:194.54,196.3 1 0
videostreamgo/internal/database/migrations/runner.go:198.2,198.21 1 0
videostreamgo/internal/database/migrations/runner.go:202.51,207.45 3 0
videostreamgo/internal/database/migrations/runner.go:207.45,209.3 1 0
videostreamgo/internal/database/migrations/runner.go:211.2,212.12 2 0
videostreamgo/internal/database/migrations/runner.go:216.58,218.2 1 0
videostreamgo/internal/database/migrations/runner.go:221.60,223.2 1 0
videostreamgo/internal/database/migrations/runner.go:226.45,230.47 3 0
videostreamgo/internal/database/migrations/runner.go:230.47,232.3 1 0
videostreamgo/internal/database/migrations/runner.go:234.2,235.47 2 0
videostreamgo/internal/database/migrations/runner.go:235.47,237.3 1 0
videostreamgo/internal/database/migrations/runner.go:239.2,239.12 1 0
videostreamgo/internal/database/migrations/runner.go:243.66,247.47 3 0
videostreamgo/internal/database/migrations/runner.go:247.47,249.3 1 0
videostreamgo/internal/database/migrations/runner.go:251.2,256.12 3 0
videostreamgo/internal/database/migrations/seed.go:125.44,126.50 1 0
videostreamgo/internal/database/migrations/seed.go:126.50,128.3 1 0
videostreamgo/internal/database/migrations/seed.go:129.2,129.49 1 0
videostreamgo/internal/database/migrations/seed.go:129.49,131.3 1 0
videostreamgo/internal/database/migrations/seed.go:132.2,132.49 1 0
videostreamgo/internal/database/migrations/seed.go:132.49,134.3 1 0
videostreamgo/internal/database/migrations/seed.go:135.2,135.12 1 0
videostreamgo/internal/database/migrations/seed.go:138.47,139.57 1 0
videostreamgo/internal/database/migrations/seed.go:139.57,142.16 3 0
videostreamgo/internal/database/migrations/seed.go:142.16,143.12 1 0
videostreamgo/internal/database/migrations/seed.go:145.3,149.53 2 0
videostreamgo/internal/database/migrations/seed.go:149.53,151.4 1 0
videostreamgo/internal/database/migrations/seed.go:153.2,153.12 1 0
videostreamgo/internal/database/migrations/seed.go:156.46,157.59 1 0
videostreamgo/internal/database/migrations/seed.go:157.59,160.16 3 0
videostreamgo/internal/database/migrations/seed.go:160.16,161.12 1 0
videostreamgo/internal/database/migrations/seed.go:163.3,164.93 2 0
videostreamgo/internal/database/migrations/seed.go:164.93,166.4 1 0
videostreamgo/internal/database/migrations/seed.go:168.2,168.12 1 0
videostreamgo/internal/database/migrations/seed.go:171.46,177.15 6 0
videostreamgo/internal/database/migrations/seed.go:177.15,179.3 1 0
videostreamgo/internal/database/migrations/seed.go:180.2,181.16 2 0
videostreamgo/internal/database/migrations/seed.go:181.16,183.3 1 0
videostreamgo/internal/database/migrations/seed.go:184.2,186.90 2 0
videostreamgo/internal/database/migrations/seed.go:186.90,188.3 1 0
videostreamgo/internal/database/migrations/seed.go:189.2,189.12 1 0
videostreamgo/internal/database/migrations/seed.go:193.68,194.62 1 0
videostreamgo/internal/database/migrations/seed.go:194.62,196.3 1 0
videostreamgo/internal/database/migrations/seed.go:197.2,197.60 1 0
videostreamgo/internal/database/migrations/seed.go:197.60,199.3 1 0
videostreamgo/internal/database/migrations/seed.go:200.2,200.66 1 0
videostreamgo/internal/database/migrations/seed.go:200.66,202.3 1 0
videostreamgo/internal/database/migrations/seed.go:203.2,203.57 1 0
videostreamgo/internal/database/migrations/seed.go:203.57,205.3 1 0
videostreamgo/internal/database/migrations/seed.go:206.2,206.12 1 0
videostreamgo/internal/database/migrations/seed.go:209.69,210.61 1 0
videostreamgo/internal/database/migrations/seed.go:210.61,213.144 2 0
videostreamgo/internal/database/migrations/seed.go:213.144,215.4 1 0
videostreamgo/internal/database/migrations/seed.go:217.2,217.12 1 0
videostreamgo/internal/database/migrations/seed.go:220.67,235.42 2 0
videostreamgo/internal/database/migrations/seed.go:235.42,238.98 2 0
videostreamgo/internal/database/migrations/seed.go:238.98,240.4 1 0
videostreamgo/internal/database/migrations/seed.go:242.2,242.12 1 0
videostreamgo/internal/database/migrations/seed.go:245.73,249.2 2 0
videostreamgo/internal/database/migrations/seed.go:251.64,266.36 2 0
videostreamgo/internal/database/migrations/seed.go:266.36,269.139 2 0
videostreamgo/internal/database/migrations/seed.go:269.139,271.4 1 0
videostreamgo/internal/database/migrations/seed.go:273.2,273.12 1 0
videostreamgo/internal/database/migrations/seed.go:276.55,277.42 1 0
videostreamgo/internal/database/migrations/seed.go:277.42,279.3 1 0
videostreamgo/internal/database/migrations/seed.go:280.2,280.21 1 0
videostreamgo/internal/database/migrations/seed.go:284.34,287.47 3 0
videostreamgo/internal/database/migrations/seed.go:287.47,289.3 1 0
videostreamgo/internal/database/migrations/seed.go:290.2,291.12 2 0
videostreamgo/internal/services/instance/jobs.go:42.103,47.2 1 0
videostreamgo/internal/services/instance/jobs.go:50.76,52.63 2 0
videostreamgo/internal/services/instance/jobs.go:52.63,54.3 1 0
videostreamgo/internal/services/instance/jobs.go:56.2,59.74 2 0
videostreamgo/internal/services/instance/jobs.go:59.74,62.3 2 0
videostreamgo/internal/services/instance/jobs.go:64.2,65.12 2 0
videostreamgo/internal/services/instance/jobs.go:69.80,71.63 2 0
videostreamgo/internal/services/instance/jobs.go:71.63,73.3 1 0
videostreamgo/internal/services/instance/jobs.go:75.2,77.80 2 0
videostreamgo/internal/services/instance/jobs.go:77.80,80.3 2 0
videostreamgo/internal/services/instance/jobs.go:82.2,83.12 2 0
videostreamgo/internal/services/instance/jobs.go:87.78,89.63 2 0
videostreamgo/internal/services/instance/jobs.go:89.63,91.3 1 0
videostreamgo/internal/services/instance/jobs.go:93.2,95.78 2 0
videostreamgo/internal/services/instance/jobs.go:95.78,98.3 2 0
videostreamgo/internal/services/instance/jobs.go:101.2,101.70 1 0
videostreamgo/internal/services/instance/jobs.go:101.70,103.3 1 0
videostreamgo/internal/services/instance/jobs.go:105.2,106.12 2 0
videostreamgo/internal/services/instance/jobs.go:126.56,132.2 1 0
videostreamgo/internal/services/instance/jobs.go:135.80,137.2 1 0
videostreamgo/internal/services/instance/jobs.go:140.52,141.9 1 0
videostreamgo/internal/services/instance/jobs.go:142.23,143.13 1 0
videostreamgo/internal/services/instance/jobs.go:144.10,145.41 1 0
videostreamgo/internal/services/instance/jobs.go:150.45,151.31 1 0
videostreamgo/internal/services/instance/jobs.go:151.31,152.13 1 0
videostreamgo/internal/services/instance/jobs.go:152.13,153.8 1 0
videostreamgo/internal/services/instance/jobs.go:153.8,154.12 1 0
videostreamgo/internal/services/instance/jobs.go:155.28,156.50 1 0
videostreamgo/internal/services/instance/jobs.go:156.50,157.65 1 0
videostreamgo/internal/services/instance/jobs.go:157.65,159.8 1 0
videostreamgo/internal/services/instance/jobs.go:161.23,162.12 1 0
videostreamgo/internal/services/instance/jobs.go:170.33,172.2 1 0
videostreamgo/internal/services/instance/jobs.go:175.77,177.16 2 0
videostreamgo/internal/services/instance/jobs.go:177.16,179.3 1 0
videostreamgo/internal/services/instance/jobs.go:181.2,184.8 1 0
videostreamgo/internal/services/instance/jobs.go:188.118,196.30 2 0
videostreamgo/internal/services/instance/jobs.go:196.30,198.3 1 0
videostreamgo/internal/services/instance/jobs.go:200.2,201.16 2 0
videostreamgo/internal/services/instance/jobs.go:201.16,203.3 1 0
videostreamgo/internal/services/instance/jobs.go:205.2,205.24 1 0
videostreamgo/internal/services/instance/jobs.go:209.87,217.16 3 0
videostreamgo/internal/services/instance/jobs.go:217.16,219.3 1 0
videostreamgo/internal/services/instance/jobs.go:221.2,226.24 2 0
videostreamgo/internal/services/instance/jobs.go:230.75,238.16 3 0
videostreamgo/internal/services/instance/jobs.go:238.16,240.3 1 0
videostreamgo/internal/services/instance/jobs.go:242.2,248.37 2 0
videostreamgo/internal/services/instance/jobs.go:248.37,250.3 1 0
videostreamgo/internal/services/instance/jobs.go:252.2,252.12 1 0
videostreamgo/internal/services/instance/jobs.go:256.30,258.2 1 0
videostreamgo/internal/services/instance/storage.go:25.68,27.51 2 0
videostreamgo/internal/services/instance/storage.go:27.51,29.3 1 0
videostreamgo/internal/services/instance/storage.go:31.2,37.8 1 0
videostreamgo/internal/services/instance/storage.go:41.91,44.2 2 0
videostreamgo/internal/services/instance/storage.go:47.84,51.16 3 0
videostreamgo/internal/services/instance/storage.go:51.16,53.3 1 0
videostreamgo/internal/services/instance/storage.go:54.2,66.8 3 0
videostreamgo/internal/services/instance/storage.go:70.102,72.52 2 0
videostreamgo/internal/services/instance/storage.go:72.52,74.3 1 0
videostreamgo/internal/services/instance/storage.go:76.2,77.49 2 0
videostreamgo/internal/services/instance/storage.go:81.70,83.2 1 0
videostreamgo/internal/services/instance/storage.go:86.62,89.2 2 0
videostreamgo/internal/services/instance/storage.go:92.110,94.2 1 0
videostreamgo/internal/services/instance/storage.go:97.89,98.22 1 0
videostreamgo/internal/services/instance/storage.go:98.22,100.3 1 0
videostreamgo/internal/services/instance/storage.go:101.2,101.81 1 0
videostreamgo/internal/services/instance/storage.go:105.126,107.2 1 0
videostreamgo/internal/services/instance/storage.go:110.82,113.2 2 0
videostreamgo/internal/services/instance/storage.go:116.99,118.69 2 0
videostreamgo/internal/services/instance/storage.go:118.69,120.3 1 0
videostreamgo/internal/services/instance/storage.go:121.2,121.46 1 0
videostreamgo/internal/services/instance/storage.go:125.87,127.2 1 0
videostreamgo/internal/services/instance/storage.go:137.83,138.51 1 0
videostreamgo/internal/services/instance/storage.go:138.51,140.3 1 0
videostreamgo/internal/services/instance/storage.go:142.2,143.51 2 0
videostreamgo/internal/services/instance/storage.go:143.51,145.3 1 0
videostreamgo/internal/services/instance/storage.go:147.2,151.8 1 0
videostreamgo/internal/services/instance/storage.go:155.88,159.55 3 0
videostreamgo/internal/services/instance/storage.go:159.55,161.3 1 0
videostreamgo/internal/services/instance/storage.go:163.2,166.16 3 0
videostreamgo/internal/services/instance/storage.go:166.16,168.3 1 0
videostreamgo/internal/services/instance/storage.go:169.2,172.16 3 0
videostreamgo/internal/services/instance/storage.go:172.16,174.3 1 0
videostreamgo/internal/services/instance/storage.go:175.2,177.45 2 0
videostreamgo/internal/services/instance/storage.go:177.45,179.3 1 0
videostreamgo/internal/services/instance/storage.go:181.2,189.8 1 0
videostreamgo/internal/services/instance/storage.go:193.105,195.52 2 0
videostreamgo/internal/services/instance/storage.go:195.52,197.3 1 0
videostreamgo/internal/services/instance/storage.go:199.2,200.49 2 0
videostreamgo/internal/services/instance/storage.go:204.73,206.2 1 0
videostreamgo/internal/services/instance/storage.go:209.65,212.2 2 0
videostreamgo/internal/services/instance/storage.go:215.113,217.2 1 0
videostreamgo/internal/services/instance/storage.go:220.92,222.2 1 0
videostreamgo/internal/services/instance/storage.go:225.129,227.2 1 0
videostreamgo/internal/services/instance/storage.go:230.85,232.50 2 0
videostreamgo/internal/services/instance/storage.go:232.50,234.3 1 0
videostreamgo/internal/services/instance/storage.go:235.2,235.28 1 0
videostreamgo/internal/services/instance/storage.go:239.102,243.2 3 0
videostreamgo/internal/services/instance/storage.go:246.90,248.2 1 0
videostreamgo/internal/services/instance/types.go:97.63,99.2 1 0
videostreamgo/internal/services/instance/types.go:102.88,104.2 1 0
videostreamgo/internal/services/instance/types.go:107.99,110.16 3 0
videostreamgo/internal/services/instance/types.go:110.16,112.3 1 0
videostreamgo/internal/services/instance/types.go:113.2,113.20 1 0
videostreamgo/internal/services/instance/types.go:117.88,119.2 1 0
videostreamgo/internal/services/instance/types.go:122.79,124.2 1 0
videostreamgo/internal/services/instance/video_processing.go:36.85,39.51 2 0
videostreamgo/internal/services/instance/video_processing.go:39.51,41.3 1 0
videostreamgo/internal/services/instance/video_processing.go:43.2,44.52 2 0
videostreamgo/internal/services/instance/video_processing.go:44.52,46.3 1 0
videostreamgo/internal/services/instance/video_processing.go:48.2,49.51 2 0
videostreamgo/internal/services/instance/video_processing.go:49.51,51.3 1 0
videostreamgo/internal/services/instance/video_processing.go:53.2,65.8 1 0
videostreamgo/internal/services/instance/video_processing.go:69.70,75.54 3 0
videostreamgo/internal/services/instance/video_processing.go:75.54,77.3 1 0
videostreamgo/internal/services/instance/video_processing.go:80.2,81.16 2 0
videostreamgo/internal/services/instance/video_processing.go:81.16,83.3 1 0
videostreamgo/internal/services/instance/video_processing.go:86.2,86.54 1 0
videostreamgo/internal/services/instance/video_processing.go:86.54,88.3 1 0
videostreamgo/internal/services/instance/video_processing.go:91.2,97.61 2 0
videostreamgo/internal/services/instance/video_processing.go:97.61,99.3 1 0
videostreamgo/internal/services/instance/video_processing.go:102.2,102.66 1 0
videostreamgo/internal/services/instance/video_processing.go:102.66,104.3 1 0
videostreamgo/internal/services/instance/video_processing.go:107.2,107.52 1 0
videostreamgo/internal/services/instance/video_processing.go:107.52,109.3 1 0
videostreamgo/internal/services/instance/video_processing.go:111.2,111.12 1 0
videostreamgo/internal/services/instance/video_processing.go:115.91,127.16 4 0
videostreamgo/internal/services/instance/video_processing.go:127.16,129.3 1 0
videostreamgo/internal/services/instance/video_processing.go:131.2,145.61 2 0
videostreamgo/internal/services/instance/video_processing.go:145.61,147.3 1 0
videostreamgo/internal/services/instance/video_processing.go:149.2,152.86 2 0
videostreamgo/internal/services/instance/video_processing.go:152.86,154.3 1 0
videostreamgo/internal/services/instance/video_processing.go:157.2,157.74 1 0
videostreamgo/internal/services/instance/video_processing.go:157.74,159.3 1 0
videostreamgo/internal/services/instance/video_processing.go:162.2,162.45 1 0
videostreamgo/internal/services/instance/video_processing.go:162.45,163.34 1 0
videostreamgo/internal/services/instance/video_processing.go:163.34,169.47 4 0
videostreamgo/internal/services/instance/video_processing.go:169.47,171.65 2 0
videostreamgo/internal/services/instance/video_processing.go:171.65,172.77 1 0
videostreamgo/internal/services/instance/video_processing.go:172.77,174.7 1 0
videostreamgo/internal/services/instance/video_processing.go:176.10,176.79 1 0
videostreamgo/internal/services/instance/video_processing.go:176.79,178.5 1 0
videostreamgo/internal/services/instance/video_processing.go:181.4,181.49 1 0
videostreamgo/internal/services/instance/video_processing.go:181.49,184.5 2 0
videostreamgo/internal/services/instance/video_processing.go:186.3,186.34 1 0
videostreamgo/internal/services/instance/video_processing.go:186.34,188.4 1 0
videostreamgo/internal/services/instance/video_processing.go:191.2,191.22 1 0
videostreamgo/internal/services/instance/video_processing.go:195.76,199.53 3 0
videostreamgo/internal/services/instance/video_processing.go:199.53,201.3 1 0
videostreamgo/internal/services/instance/video_processing.go:204.2,215.35 2 0
videostreamgo/internal/services/instance/video_processing.go:215.35,228.35 4 0
videostreamgo/internal/services/instance/video_processing.go:228.35,230.4 1 0
videostreamgo/internal/services/instance/video_processing.go:233.2,233.12 1 0
videostreamgo/internal/services/instance/video_processing.go:237.107,241.53 3 0
videostreamgo/internal/services/instance/video_processing.go:241.53,243.3 1 0
videostreamgo/internal/services/instance/video_processing.go:245.2,245.36 1 0
videostreamgo/internal/services/instance/video_processing.go:245.36,247.10 2 0
videostreamgo/internal/services/instance/video_processing.go:247.10,248.12 1 0
videostreamgo/internal/services/instance/video_processing.go:251.3,270.35 4 0
videostreamgo/internal/services/instance/video_processing.go:270.35,272.4 1 0
videostreamgo/internal/services/instance/video_processing.go:275.2,275.12 1 0
videostreamgo/internal/services/instance/video_processing.go:279.112,283.53 3 0
videostreamgo/internal/services/instance/video_processing.go:283.53,285.3 1 0
videostreamgo/internal/services/instance/video_processing.go:288.2,289.36 2 0
videostreamgo/internal/services/instance/video_processing.go:289.36,291.10 2 0
videostreamgo/internal/services/instance/video_processing.go:291.10,292.12 1 0
videostreamgo/internal/services/instance/video_processing.go:296.3,297.55 2 0
videostreamgo/internal/services/instance/video_processing.go:297.55,299.4 1 0
videostreamgo/internal/services/instance/video_processing.go:302.3,325.35 5 0
videostreamgo/internal/services/instance/video_processing.go:325.35,327.4 1 0
videostreamgo/internal/services/instance/video_processing.go:329.3,330.80 1 0
videostreamgo/internal/services/instance/video_processing.go:334.2,336.35 3 0
videostreamgo/internal/services/instance/video_processing.go:336.35,338.3 1 0
videostreamgo/internal/services/instance/video_processing.go:340.2,340.78 1 0
videostreamgo/internal/services/instance/video_processing.go:340.78,342.3 1 0
videostreamgo/internal/services/instance/video_processing.go:344.2,344.12 1 0
videostreamgo/internal/services/instance/video_processing.go:348.74,350.46 2 0
videostreamgo/internal/services/instance/video_processing.go:350.46,352.3 1 0
videostreamgo/internal/services/instance/video_processing.go:353.2,353.12 1 0
videostreamgo/internal/services/instance/video_processing.go:357.106,359.16 2 0
videostreamgo/internal/services/instance/video_processing.go:359.16,361.3 1 0
videostreamgo/internal/services/instance/video_processing.go:363.2,368.8 1 0
videostreamgo/internal/services/instance/video_processing.go:372.39,375.22 3 5
videostreamgo/internal/services/instance/video_processing.go:375.22,376.55 1 5
videostreamgo/internal/services/instance/video_processing.go:376.55,378.4 1 5
videostreamgo/internal/services/instance/video_processing.go:380.2,380.13 1 0
videostreamgo/internal/services/instance/video_processing.go:384.24,385.13 1 9
videostreamgo/internal/services/instance/video_processing.go:385.13,387.3 1 25
videostreamgo/internal/services/instance/video_processing.go:388.2,388.10 1 9
videostreamgo/internal/repository/instance/category.go:18.61,20.2 1 0
videostreamgo/internal/repository/instance/category.go:23.93,25.2 1 0
videostreamgo/internal/repository/instance/category.go:28.101,31.16 3 0
videostreamgo/internal/repository/instance/category.go:31.16,33.3 1 0
videostreamgo/internal/repository/instance/category.go:34.2,34.23 1 0
videostreamgo/internal/repository/instance/category.go:38.102,41.16 3 0
videostreamgo/internal/repository/instance/category.go:41.16,43.3 1 0
videostreamgo/internal/repository/instance/category.go:44.2,44.23 1 0
videostreamgo/internal/repository/instance/category.go:48.93,50.2 1 0
videostreamgo/internal/repository/instance/category.go:53.78,55.2 1 0
videostreamgo/internal/repository/instance/category.go:58.111,64.50 4 0
videostreamgo/internal/repository/instance/category.go:64.50,66.3 1 0
videostreamgo/internal/repository/instance/category.go:68.2,69.16 2 0
videostreamgo/internal/repository/instance/category.go:69.16,71.3 1 0
videostreamgo/internal/repository/instance/category.go:73.2,73.31 1 0
videostreamgo/internal/repository/instance/category.go:77.90,81.2 3 0
videostreamgo/internal/repository/instance/category.go:84.114,88.2 3 0
videostreamgo/internal/repository/instance/comment.go:18.59,20.2 1 0
videostreamgo/internal/repository/instance/comment.go:23.90,25.2 1 0
videostreamgo/internal/repository/instance/comment.go:28.99,31.16 3 0
videostreamgo/internal/repository/instance/comment.go:31.16,33.3 1 0
videostreamgo/internal/repository/instance/comment.go:34.2,34.22 1 0
videostreamgo/internal/repository/instance/comment.go:38.90,40.2 1 0
videostreamgo/internal/repository/instance/comment.go:43.77,45.2 1 0
videostreamgo/internal/repository/instance/comment.go:48.81,50.2 1 0
videostreamgo/internal/repository/instance/comment.go:53.125,59.19 4 0
videostreamgo/internal/repository/instance/comment.go:59.19,61.17 2 0
videostreamgo/internal/repository/instance/comment.go:61.17,63.4 1 0
videostreamgo/internal/repository/instance/comment.go:66.2,66.50 1 0
videostreamgo/internal/repository/instance/comment.go:66.50,68.3 1 0
videostreamgo/internal/repository/instance/comment.go:70.2,71.16 2 0
videostreamgo/internal/repository/instance/comment.go:71.16,73.3 1 0
videostreamgo/internal/repository/instance/comment.go:75.2,75.29 1 0
videostreamgo/internal/repository/instance/comment.go:79.110,84.2 3 0
videostreamgo/internal/repository/instance/comment.go:87.144,94.50 4 0
videostreamgo/internal/repository/instance/comment.go:94.50,96.3 1 0
videostreamgo/internal/repository/instance/comment.go:98.2,99.16 2 0
videostreamgo/internal/repository/instance/comment.go:99.16,101.3 1 0
videostreamgo/internal/repository/instance/comment.go:103.2,103.29 1 0
videostreamgo/internal/repository/instance/comment.go:107.109,112.2 3 0
videostreamgo/internal/repository/instance/comment.go:115.108,120.2 3 0
videostreamgo/internal/repository/instance/comment.go:123.89,126.2 1 0
videostreamgo/internal/repository/instance/comment.go:129.89,132.2 1 0
videostreamgo/internal/repository/instance/comment.go:135.102,141.2 3 0
videostreamgo/internal/repository/instance/comment.go:149.57,151.2 1 0
videostreamgo/internal/repository/instance/comment.go:154.87,156.2 1 0
videostreamgo/internal/repository/instance/comment.go:159.97,162.16 3 0
videostreamgo/internal/repository/instance/comment.go:162.16,164.3 1 0
videostreamgo/internal/repository/instance/comment.go:165.2,165.21 1 0
videostreamgo/internal/repository/instance/comment.go:169.120,172.16 3 0
videostreamgo/internal/repository/instance/comment.go:172.16,174.3 1 0
videostreamgo/internal/repository/instance/comment.go:175.2,175.21 1 0
videostreamgo/internal/repository/instance/comment.go:179.87,181.2 1 0
videostreamgo/internal/repository/instance/comment.go:184.76,186.2 1 0
videostreamgo/internal/repository/instance/comment.go:189.123,192.16 2 0
videostreamgo/internal/repository/instance/comment.go:192.16,194.3 1 0
videostreamgo/internal/repository/instance/comment.go:195.2,197.8 2 0
videostreamgo/internal/repository/instance/comment.go:201.94,206.2 3 0
videostreamgo/internal/repository/instance/tag.go:18.51,20.2 1 0
videostreamgo/internal/repository/instance/tag.go:23.78,25.2 1 0
videostreamgo/internal/repository/instance/tag.go:28.91,31.16 3 0
videostreamgo/internal/repository/instance/tag.go:31.16,33.3 1 0
videostreamgo/internal/repository/instance/tag.go:34.2,34.18 1 0
videostreamgo/internal/repository/instance/tag.go:38.92,41.16 3 0
videostreamgo/internal/repository/instance/tag.go:41.16,43.3 1 0
videostreamgo/internal/repository/instance/tag.go:44.2,44.18 1 0
videostreamgo/internal/repository/instance/tag.go:48.92,51.16 3 0
videostreamgo/internal/repository/instance/tag.go:51.16,53.3 1 0
videostreamgo/internal/repository/instance/tag.go:54.2,54.18 1 0
videostreamgo/internal/repository/instance/tag.go:58.78,60.2 1 0
videostreamgo/internal/repository/instance/tag.go:63.73,65.2 1 0
videostreamgo/internal/repository/instance/tag.go:68.101,74.50 4 0
videostreamgo/internal/repository/instance/tag.go:74.50,76.3 1 0
videostreamgo/internal/repository/instance/tag.go:78.2,79.16 2 0
videostreamgo/internal/repository/instance/tag.go:79.16,81.3 1 0
videostreamgo/internal/repository/instance/tag.go:83.2,83.25 1 0
videostreamgo/internal/repository/instance/tag.go:87.92,91.2 3 0
videostreamgo/internal/repository/instance/tag.go:94.86,97.2 1 0
videostreamgo/internal/repository/instance/tag.go:100.86,103.2 1 0
videostreamgo/internal/repository/instance/user.go:19.53,21.2 1 0
videostreamgo/internal/repository/instance/user.go:24.81,26.2 1 0
videostreamgo/internal/repository/instance/user.go:29.93,32.16 3 0
videostreamgo/internal/repository/instance/user.go:32.16,34.3 1 0
videostreamgo/internal/repository/instance/user.go:35.2,35.19 1 0
videostreamgo/internal/repository/instance/user.go:39.102,42.16 3 0
videostreamgo/internal/repository/instance/user.go:42.16,44.3 1 0
videostreamgo/internal/repository/instance/user.go:45.2,45.19 1 0
videostreamgo/internal/repository/instance/user.go:49.96,52.16 3 0
videostreamgo/internal/repository/instance/user.go:52.16,54.3 1 0
videostreamgo/internal/repository/instance/user.go:55.2,55.19 1 0
videostreamgo/internal/repository/instance/user.go:59.81,61.2 1 0
videostreamgo/internal/repository/instance/user.go:64.74,66.2 1 0
videostreamgo/internal/repository/instance/user.go:69.118,75.18 4 0
videostreamgo/internal/repository/instance/user.go:75.18,77.3 1 0
videostreamgo/internal/repository/instance/user.go:80.2,80.50 1 0
videostreamgo/internal/repository/instance/user.go:80.50,82.3 1 0
videostreamgo/internal/repository/instance/user.go:85.2,86.16 2 0
videostreamgo/internal/repository/instance/user.go:86.16,88.3 1 0
videostreamgo/internal/repository/instance/user.go:90.2,90.26 1 0
videostreamgo/internal/repository/instance/user.go:94.96,98.2 3 0
videostreamgo/internal/repository/instance/user.go:101.83,103.2 1 0
videostreamgo/internal/repository/instance/video.go:18.55,20.2 1 0
videostreamgo/internal/repository/instance/video.go:23.84,25.2 1 0
videostreamgo/internal/repository/instance/video.go:28.95,31.16 3 0
videostreamgo/internal/repository/instance/video.go:31.16,33.3 1 0
videostreamgo/internal/repository/instance/video.go:34.2,34.20 1 0
videostreamgo/internal/repository/instance/video.go:38.96,41.16 3 0
videostreamgo/internal/repository/instance/video.go:41.16,43.3 1 0
videostreamgo/internal/repository/instance/video.go:44.2,44.20 1 0
videostreamgo/internal/repository/instance/video.go:48.84,50.2 1 0
videostreamgo/internal/repository/instance/video.go:53.75,55.2 1 0
videostreamgo/internal/repository/instance/video.go:58.132,64.18 4 0
videostreamgo/internal/repository/instance/video.go:64.18,66.3 1 0
videostreamgo/internal/repository/instance/video.go:67.2,67.22 1 0
videostreamgo/internal/repository/instance/video.go:67.22,69.3 1 0
videostreamgo/internal/repository/instance/video.go:72.2,72.50 1 0
videostreamgo/internal/repository/instance/video.go:72.50,74.3 1 0
videostreamgo/internal/repository/instance/video.go:77.2,78.16 2 0
videostreamgo/internal/repository/instance/video.go:78.16,80.3 1 0
videostreamgo/internal/repository/instance/video.go:82.2,82.27 1 0
videostreamgo/internal/repository/instance/video.go:86.102,90.2 3 0
videostreamgo/internal/repository/instance/video.go:93.97,98.2 3 0
videostreamgo/internal/repository/instance/video.go:101.136,107.50 4 0
videostreamgo/internal/repository/instance/video.go:107.50,109.3 1 0
videostreamgo/internal/repository/instance/video.go:111.2,112.16 2 0
videostreamgo/internal/repository/instance/video.go:112.16,114.3 1 0
videostreamgo/internal/repository/instance/video.go:116.2,116.27 1 0
videostreamgo/internal/repository/instance/video.go:120.87,123.2 1 0
videostreamgo/internal/repository/instance/video.go:126.87,129.2 1 0
videostreamgo/internal/repository/instance/video.go:132.87,135.2 1 0
videostreamgo/internal/repository/instance/video.go:138.109,144.2 3 0
